Log file open, 10/09/21 15:39:13
LogWindows: Failed to load 'aqProf.dll' (GetLastError=126)
LogWindows: File 'aqProf.dll' does not exist
LogWindows: Failed to load 'VtuneApi.dll' (GetLastError=126)
LogWindows: File 'VtuneApi.dll' does not exist
LogWindows: Failed to load 'VtuneApi32e.dll' (GetLastError=126)
LogWindows: File 'VtuneApi32e.dll' does not exist
LogConsoleResponse: Display: Failed to find resolution value strings in scalability ini. Falling back to default.
LogConsoleResponse: Display: Failed to find resolution value strings in scalability ini. Falling back to default.
LogInit: Display: Running engine for game: LevelDesignProject
LogPlatformFile: Not using cached read wrapper
LogTaskGraph: Started task graph with 5 named threads and 23 total threads with 3 sets of task threads.
LogStats: Stats thread started at 0.646304
LogICUInternationalization: ICU TimeZone Detection - Raw Offset: -6:00, Platform Override: ''
LogInit: Display: Loading text-based GConfig....
LogPluginManager: Mounting plugin MeshPainting
LogPluginManager: Mounting plugin XGEController
LogPluginManager: Mounting plugin AISupport
LogPluginManager: Mounting plugin Paper2D
LogPluginManager: Mounting plugin EnvironmentQueryEditor
LogPluginManager: Mounting plugin LightPropagationVolume
LogPluginManager: Mounting plugin OodleData
LogPluginManager: Mounting plugin OodleNetwork
LogPluginManager: Mounting plugin LiveLink
LogPluginManager: Mounting plugin CameraShakePreviewer
LogPluginManager: Mounting plugin GameplayCameras
LogPluginManager: Mounting plugin AutomationUtils
LogPluginManager: Mounting plugin BackChannel
LogPluginManager: Mounting plugin AlembicImporter
LogPluginManager: Mounting plugin ChaosCloth
LogPluginManager: Mounting plugin ChaosClothEditor
LogPluginManager: Mounting plugin ChaosEditor
LogPluginManager: Mounting plugin ChaosNiagara
LogPluginManager: Mounting plugin ChaosSolverPlugin
LogPluginManager: Mounting plugin CharacterAI
LogPluginManager: Mounting plugin Niagara
LogPluginManager: Mounting plugin GeometryProcessing
LogPluginManager: Mounting plugin GeometryCollectionPlugin
LogPluginManager: Mounting plugin GeometryCache
LogPluginManager: Mounting plugin MotoSynth
LogPluginManager: Mounting plugin OpenImageDenoise
LogPluginManager: Mounting plugin PlanarCut
LogPluginManager: Mounting plugin ProxyLODPlugin
LogPluginManager: Mounting plugin PythonScriptPlugin
LogPluginManager: Mounting plugin PlatformCrypto
LogPluginManager: Mounting plugin SkeletalReduction
LogPluginManager: Mounting plugin AssetManagerEditor
LogPluginManager: Mounting plugin CryptoKeys
LogPluginManager: Mounting plugin CurveEditorTools
LogPluginManager: Mounting plugin DataValidation
LogPluginManager: Mounting plugin FacialAnimation
LogPluginManager: Mounting plugin GameplayTagsEditor
LogPluginManager: Mounting plugin GeometryMode
LogPluginManager: Mounting plugin MacGraphicsSwitching
LogPluginManager: Mounting plugin MaterialAnalyzer
LogPluginManager: Mounting plugin MobileLauncherProfileWizard
LogPluginManager: Mounting plugin SpeedTreeImporter
LogPluginManager: Mounting plugin PluginBrowser
LogPluginManager: Mounting plugin AndroidMedia
LogPluginManager: Mounting plugin AvfMedia
LogPluginManager: Mounting plugin ImgMedia
LogPluginManager: Mounting plugin MediaCompositing
LogPluginManager: Mounting plugin MediaPlayerEditor
LogPluginManager: Mounting plugin WebMMedia
LogPluginManager: Mounting plugin WmfMedia
LogPluginManager: Mounting plugin MagicLeap
LogPluginManager: Mounting plugin LuminPlatformFeatures
LogPluginManager: Mounting plugin MagicLeapLightEstimation
LogPluginManager: Mounting plugin MagicLeapMedia
LogPluginManager: Mounting plugin MagicLeapPassableWorld
LogPluginManager: Mounting plugin MLSDK
LogPluginManager: Mounting plugin AnimationSharing
LogPluginManager: Mounting plugin CLionSourceCodeAccess
LogPluginManager: Mounting plugin CodeLiteSourceCodeAccess
LogPluginManager: Mounting plugin NullSourceCodeAccess
LogPluginManager: Mounting plugin KDevelopSourceCodeAccess
LogPluginManager: Mounting plugin GitSourceControl
LogPluginManager: Mounting plugin PerforceSourceControl
LogPluginManager: Mounting plugin PixWinPlugin
LogPluginManager: Mounting plugin RiderSourceCodeAccess
LogPluginManager: Mounting plugin PluginUtils
LogPluginManager: Mounting plugin SubversionSourceControl
LogPluginManager: Mounting plugin PlasticSourceControl
LogPluginManager: Mounting plugin PropertyAccessNode
LogPluginManager: Mounting plugin UObjectPlugin
LogPluginManager: Mounting plugin VisualStudioCodeSourceCodeAccess
LogPluginManager: Mounting plugin VisualStudioSourceCodeAccess
LogPluginManager: Mounting plugin LevelSequenceEditor
LogPluginManager: Mounting plugin ActorSequence
LogPluginManager: Mounting plugin TextureFormatOodle
LogPluginManager: Mounting plugin XCodeSourceCodeAccess
LogPluginManager: Mounting plugin MatineeToLevelSequence
LogPluginManager: Mounting plugin TemplateSequence
LogPluginManager: Mounting plugin TcpMessaging
LogPluginManager: Mounting plugin UdpMessaging
LogPluginManager: Mounting plugin DatasmithContent
LogPluginManager: Mounting plugin LauncherChunkInstaller
LogPluginManager: Mounting plugin VariantManagerContent
LogPluginManager: Mounting plugin ActorLayerUtilities
LogPluginManager: Mounting plugin AndroidMoviePlayer
LogPluginManager: Mounting plugin AndroidPermission
LogPluginManager: Mounting plugin AndroidDeviceProfileSelector
LogPluginManager: Mounting plugin AppleImageUtils
LogPluginManager: Mounting plugin ArchVisCharacter
LogPluginManager: Mounting plugin AudioCapture
LogPluginManager: Mounting plugin AssetTags
LogPluginManager: Mounting plugin AudioSynesthesia
LogPluginManager: Mounting plugin AppleMoviePlayer
LogPluginManager: Mounting plugin CableComponent
LogPluginManager: Mounting plugin EditableMesh
LogPluginManager: Mounting plugin ExampleDeviceProfileSelector
LogPluginManager: Mounting plugin ChunkDownloader
LogPluginManager: Mounting plugin GoogleCloudMessaging
LogPluginManager: Mounting plugin GooglePAD
LogPluginManager: Mounting plugin CustomMeshComponent
LogPluginManager: Mounting plugin IOSDeviceProfileSelector
LogPluginManager: Mounting plugin LinuxDeviceProfileSelector
LogPluginManager: Mounting plugin LocationServicesBPLibrary
LogPluginManager: Mounting plugin MobilePatchingUtils
LogPluginManager: Mounting plugin OpenXREyeTracker
LogPluginManager: Mounting plugin OpenXR
LogPluginManager: Mounting plugin PhysXVehicles
LogPluginManager: Mounting plugin OpenXRHandTracking
LogPluginManager: Mounting plugin PostSplashScreen
LogPluginManager: Mounting plugin PropertyAccessEditor
LogPluginManager: Mounting plugin ProceduralMeshComponent
LogPluginManager: Mounting plugin SignificanceManager
LogPluginManager: Mounting plugin RuntimePhysXCooking
LogPluginManager: Mounting plugin SoundFields
LogPluginManager: Mounting plugin Synthesis
LogPluginManager: Mounting plugin WebMMoviePlayer
LogPluginManager: Mounting plugin WindowsMoviePlayer
LogPluginManager: Mounting plugin OnlineSubsystem
LogPluginManager: Mounting plugin OnlineSubsystemNull
LogPluginManager: Mounting plugin OnlineSubsystemUtils
LogPluginManager: Mounting plugin Takes
LogPluginManager: Mounting plugin ScreenshotTools
LogPluginManager: Mounting plugin ContentBrowserAssetDataSource
LogPluginManager: Mounting plugin ContentBrowserClassDataSource
LogPluginManager: Mounting plugin ContentBrowserFileDataSource
LogPluginManager: Mounting plugin OculusVR
LogPluginManager: Mounting plugin SteamVR
LogPluginManager: Mounting plugin OnlineSubsystemGooglePlay
LogPluginManager: Mounting plugin OnlineSubsystemIOS
PixWinPlugin: PIX capture plugin failed to initialize! Check that the process is launched from PIX.
LogInit: Using libcurl 7.55.1-DEV
LogInit:  - built for x86_64-pc-win32
LogInit:  - supports SSL with OpenSSL/1.1.1
LogInit:  - supports HTTP deflate (compression) using libz 1.2.8
LogInit:  - other features:
LogInit:      CURL_VERSION_SSL
LogInit:      CURL_VERSION_LIBZ
LogInit:      CURL_VERSION_IPV6
LogInit:      CURL_VERSION_ASYNCHDNS
LogInit:      CURL_VERSION_LARGEFILE
LogInit:      CURL_VERSION_IDN
LogInit:  CurlRequestOptions (configurable via config and command line):
LogInit:  - bVerifyPeer = true  - Libcurl will verify peer certificate
LogInit:  - bUseHttpProxy = false  - Libcurl will NOT use HTTP proxy
LogInit:  - bDontReuseConnections = false  - Libcurl will reuse connections
LogInit:  - MaxHostConnections = 16  - Libcurl will limit the number of connections to a host
LogInit:  - LocalHostAddr = Default
LogInit:  - BufferSize = 65536
LogOnline: OSS: Creating online subsystem instance for: NULL
LogInit: WinSock: version 1.1 (2.2), MaxSocks=32767, MaxUdp=65467
LogOnline: OSS: TryLoadSubsystemAndSetDefault: Loaded subsystem for module [NULL]
LogOculusPluginWrapper: OculusPlugin initialized successfully
LogHMD: Failed initializing OVRPlugin 1.59.0
LogInit: Build: ++UE4+Release-4.27-CL-17155196
LogInit: Engine Version: 4.27.0-17155196+++UE4+Release-4.27
LogInit: Compatible Engine Version: 4.27.0-17155196+++UE4+Release-4.27
LogInit: Net CL: 17155196
LogInit: OS: Windows 10 (Release 2009) (), CPU: Intel(R) Core(TM) i5-9300H CPU @ 2.40GHz, GPU: Intel(R) UHD Graphics 630
LogInit: Compiled (64-bit): Aug 13 2021 06:13:13
LogInit: Compiled with Visual C++: 19.24.28315.00
LogInit: Build Configuration: Development
LogInit: Branch Name: ++UE4+Release-4.27
LogInit: Command Line:  /Game/Levels/Level_Room -game -PIEVIACONSOLE -Multiprocess GameUserSettingsINI=D:/cs498/LevelingUp/LevelDesignProject/Saved/Config/Windows/PIEGameUserSettings0.ini -MultiprocessSaveConfig -forcepassthrough -messaging -SessionName="Play in Standalone Game" -windowed -ResX=1280 -ResY=720
LogInit: Base Directory: D:/UE_4.27/Engine/Binaries/Win64/
LogInit: Allocator: TBB
LogInit: Installed Engine Build: 1
LogDevObjectVersion: Number of dev versions registered: 29
LogDevObjectVersion:   Dev-Blueprints (B0D832E4-1F89-4F0D-ACCF-7EB736FD4AA2): 10
LogDevObjectVersion:   Dev-Build (E1C64328-A22C-4D53-A36C-8E866417BD8C): 0
LogDevObjectVersion:   Dev-Core (375EC13C-06E4-48FB-B500-84F0262A717E): 4
LogDevObjectVersion:   Dev-Editor (E4B068ED-F494-42E9-A231-DA0B2E46BB41): 40
LogDevObjectVersion:   Dev-Framework (CFFC743F-43B0-4480-9391-14DF171D2073): 37
LogDevObjectVersion:   Dev-Mobile (B02B49B5-BB20-44E9-A304-32B752E40360): 3
LogDevObjectVersion:   Dev-Networking (A4E4105C-59A1-49B5-A7C5-40C4547EDFEE): 0
LogDevObjectVersion:   Dev-Online (39C831C9-5AE6-47DC-9A44-9C173E1C8E7C): 0
LogDevObjectVersion:   Dev-Physics (78F01B33-EBEA-4F98-B9B4-84EACCB95AA2): 14
LogDevObjectVersion:   Dev-Platform (6631380F-2D4D-43E0-8009-CF276956A95A): 0
LogDevObjectVersion:   Dev-Rendering (12F88B9F-8875-4AFC-A67C-D90C383ABD29): 45
LogDevObjectVersion:   Dev-Sequencer (7B5AE74C-D270-4C10-A958-57980B212A5A): 13
LogDevObjectVersion:   Dev-VR (D7296918-1DD6-4BDD-9DE2-64A83CC13884): 3
LogDevObjectVersion:   Dev-LoadTimes (C2A15278-BFE7-4AFE-6C17-90FF531DF755): 1
LogDevObjectVersion:   Private-Geometry (6EACA3D4-40EC-4CC1-B786-8BED09428FC5): 3
LogDevObjectVersion:   Dev-AnimPhys (29E575DD-E0A3-4627-9D10-D276232CDCEA): 17
LogDevObjectVersion:   Dev-Anim (AF43A65D-7FD3-4947-9873-3E8ED9C1BB05): 15
LogDevObjectVersion:   Dev-ReflectionCapture (6B266CEC-1EC7-4B8F-A30B-E4D90942FC07): 1
LogDevObjectVersion:   Dev-Automation (0DF73D61-A23F-47EA-B727-89E90C41499A): 1
LogDevObjectVersion:   FortniteMain (601D1886-AC64-4F84-AA16-D3DE0DEAC7D6): 47
LogDevObjectVersion:   FortniteRelease (E7086368-6B23-4C58-8439-1B7016265E91): 1
LogDevObjectVersion:   Dev-Enterprise (9DFFBCD6-494F-0158-E221-12823C92A888): 10
LogDevObjectVersion:   Dev-Niagara (F2AED0AC-9AFE-416F-8664-AA7FFA26D6FC): 1
LogDevObjectVersion:   Dev-Destruction (174F1F0B-B4C6-45A5-B13F-2EE8D0FB917D): 10
LogDevObjectVersion:   Dev-Physics-Ext (35F94A83-E258-406C-A318-09F59610247C): 41
LogDevObjectVersion:   Dev-PhysicsMaterial-Chaos (B68FC16E-8B1B-42E2-B453-215C058844FE): 1
LogDevObjectVersion:   Dev-CineCamera (B2E18506-4273-CFC2-A54E-F4BB758BBA07): 1
LogDevObjectVersion:   Dev-VirtualProduction (64F58936-FD1B-42BA-BA96-7289D5D0FA4E): 1
LogDevObjectVersion:   Dev-MediaFramework (6F0ED827-A609-4895-9C91-998D90180EA4): 2
LogInit: Presizing for max 25165824 objects, including 0 objects not considered by GC, pre-allocating 0 bytes for permanent pool.
LogConfig: Applying CVar settings from Section [/Script/Engine.StreamingSettings] File [D:/cs498/LevelingUp/LevelDesignProject/Saved/Config/Windows/Engine.ini]
LogConfig: Setting CVar [[s.MinBulkDataSizeForAsyncLoading:131072]]
LogConfig: Setting CVar [[s.AsyncLoadingThreadEnabled:0]]
LogConfig: Setting CVar [[s.EventDrivenLoaderEnabled:1]]
LogConfig: Setting CVar [[s.WarnIfTimeLimitExceeded:0]]
LogConfig: Setting CVar [[s.TimeLimitExceededMultiplier:1.5]]
LogConfig: Setting CVar [[s.TimeLimitExceededMinTime:0.005]]
LogConfig: Setting CVar [[s.UseBackgroundLevelStreaming:1]]
LogConfig: Setting CVar [[s.PriorityAsyncLoadingExtraTime:15.0]]
LogConfig: Setting CVar [[s.LevelStreamingActorsUpdateTimeLimit:5.0]]
LogConfig: Setting CVar [[s.PriorityLevelStreamingActorsUpdateExtraTime:5.0]]
LogConfig: Setting CVar [[s.LevelStreamingComponentsRegistrationGranularity:10]]
LogConfig: Setting CVar [[s.UnregisterComponentsTimeLimit:1.0]]
LogConfig: Setting CVar [[s.LevelStreamingComponentsUnregistrationGranularity:5]]
LogConfig: Setting CVar [[s.FlushStreamingOnExit:1]]
LogInit: Object subsystem initialized
LogConfig: Setting CVar [[con.DebugEarlyDefault:1]]
LogConfig: Setting CVar [[r.setres:1280x720]]
[2021.10.09-20.39.14:817][  0]LogConfig: Setting CVar [[con.DebugEarlyDefault:1]]
[2021.10.09-20.39.14:817][  0]LogConfig: Setting CVar [[r.setres:1280x720]]
[2021.10.09-20.39.14:817][  0]LogConfig: Applying CVar settings from Section [/Script/Engine.RendererSettings] File [D:/cs498/LevelingUp/LevelDesignProject/Saved/Config/Windows/Engine.ini]
[2021.10.09-20.39.14:817][  0]LogConfig: Setting CVar [[r.GPUCrashDebugging:0]]
[2021.10.09-20.39.14:817][  0]LogConfig: Applying CVar settings from Section [/Script/Engine.RendererOverrideSettings] File [D:/cs498/LevelingUp/LevelDesignProject/Saved/Config/Windows/Engine.ini]
[2021.10.09-20.39.14:817][  0]LogConfig: Applying CVar settings from Section [/Script/Engine.StreamingSettings] File [D:/cs498/LevelingUp/LevelDesignProject/Saved/Config/Windows/Engine.ini]
[2021.10.09-20.39.14:817][  0]LogConfig: Setting CVar [[s.MinBulkDataSizeForAsyncLoading:131072]]
[2021.10.09-20.39.14:817][  0]LogConfig: Setting CVar [[s.AsyncLoadingThreadEnabled:0]]
[2021.10.09-20.39.14:817][  0]LogConfig: Setting CVar [[s.EventDrivenLoaderEnabled:1]]
[2021.10.09-20.39.14:817][  0]LogConfig: Setting CVar [[s.WarnIfTimeLimitExceeded:0]]
[2021.10.09-20.39.14:817][  0]LogConfig: Setting CVar [[s.TimeLimitExceededMultiplier:1.5]]
[2021.10.09-20.39.14:817][  0]LogConfig: Setting CVar [[s.TimeLimitExceededMinTime:0.005]]
[2021.10.09-20.39.14:817][  0]LogConfig: Setting CVar [[s.UseBackgroundLevelStreaming:1]]
[2021.10.09-20.39.14:817][  0]LogConfig: Setting CVar [[s.PriorityAsyncLoadingExtraTime:15.0]]
[2021.10.09-20.39.14:817][  0]LogConfig: Setting CVar [[s.LevelStreamingActorsUpdateTimeLimit:5.0]]
[2021.10.09-20.39.14:817][  0]LogConfig: Setting CVar [[s.PriorityLevelStreamingActorsUpdateExtraTime:5.0]]
[2021.10.09-20.39.14:817][  0]LogConfig: Setting CVar [[s.LevelStreamingComponentsRegistrationGranularity:10]]
[2021.10.09-20.39.14:817][  0]LogConfig: Setting CVar [[s.UnregisterComponentsTimeLimit:1.0]]
[2021.10.09-20.39.14:817][  0]LogConfig: Setting CVar [[s.LevelStreamingComponentsUnregistrationGranularity:5]]
[2021.10.09-20.39.14:817][  0]LogConfig: Setting CVar [[s.FlushStreamingOnExit:1]]
[2021.10.09-20.39.14:817][  0]LogConfig: Applying CVar settings from Section [/Script/Engine.GarbageCollectionSettings] File [D:/cs498/LevelingUp/LevelDesignProject/Saved/Config/Windows/Engine.ini]
[2021.10.09-20.39.14:817][  0]LogConfig: Setting CVar [[gc.MaxObjectsNotConsideredByGC:1]]
[2021.10.09-20.39.14:817][  0]LogConfig: Setting CVar [[gc.SizeOfPermanentObjectPool:0]]
[2021.10.09-20.39.14:817][  0]LogConfig: Setting CVar [[gc.FlushStreamingOnGC:0]]
[2021.10.09-20.39.14:817][  0]LogConfig: Setting CVar [[gc.NumRetriesBeforeForcingGC:10]]
[2021.10.09-20.39.14:817][  0]LogConfig: Setting CVar [[gc.AllowParallelGC:1]]
[2021.10.09-20.39.14:817][  0]LogConfig: Setting CVar [[gc.TimeBetweenPurgingPendingKillObjects:61.1]]
[2021.10.09-20.39.14:817][  0]LogConfig: Setting CVar [[gc.MaxObjectsInEditor:25165824]]
[2021.10.09-20.39.14:817][  0]LogConfig: Setting CVar [[gc.IncrementalBeginDestroyEnabled:1]]
[2021.10.09-20.39.14:817][  0]LogConfig: Setting CVar [[gc.CreateGCClusters:1]]
[2021.10.09-20.39.14:817][  0]LogConfig: Setting CVar [[gc.MinGCClusterSize:5]]
[2021.10.09-20.39.14:818][  0]LogConfig: Setting CVar [[gc.ActorClusteringEnabled:0]]
[2021.10.09-20.39.14:818][  0]LogConfig: Setting CVar [[gc.BlueprintClusteringEnabled:0]]
[2021.10.09-20.39.14:818][  0]LogConfig: Setting CVar [[gc.UseDisregardForGCOnDedicatedServers:0]]
[2021.10.09-20.39.14:818][  0]LogConfig: Setting CVar [[gc.MultithreadedDestructionEnabled:1]]
[2021.10.09-20.39.14:818][  0]LogConfig: Applying CVar settings from Section [/Script/Engine.NetworkSettings] File [D:/cs498/LevelingUp/LevelDesignProject/Saved/Config/Windows/Engine.ini]
[2021.10.09-20.39.14:818][  0]LogConfig: Applying CVar settings from Section [/Script/UnrealEd.CookerSettings] File [D:/cs498/LevelingUp/LevelDesignProject/Saved/Config/Windows/Engine.ini]
[2021.10.09-20.39.14:872][  0]LogConfig: Applying CVar settings from Section [ViewDistanceQuality@3] File [D:/cs498/LevelingUp/LevelDesignProject/Saved/Config/Windows/Scalability.ini]
[2021.10.09-20.39.14:872][  0]LogConfig: Setting CVar [[r.SkeletalMeshLODBias:0]]
[2021.10.09-20.39.14:872][  0]LogConfig: Setting CVar [[r.ViewDistanceScale:1.0]]
[2021.10.09-20.39.14:872][  0]LogConfig: Applying CVar settings from Section [AntiAliasingQuality@3] File [D:/cs498/LevelingUp/LevelDesignProject/Saved/Config/Windows/Scalability.ini]
[2021.10.09-20.39.14:872][  0]LogConfig: Setting CVar [[r.PostProcessAAQuality:4]]
[2021.10.09-20.39.14:872][  0]LogConfig: Applying CVar settings from Section [ShadowQuality@3] File [D:/cs498/LevelingUp/LevelDesignProject/Saved/Config/Windows/Scalability.ini]
[2021.10.09-20.39.14:872][  0]LogConfig: Setting CVar [[r.LightFunctionQuality:1]]
[2021.10.09-20.39.14:872][  0]LogConfig: Setting CVar [[r.ShadowQuality:5]]
[2021.10.09-20.39.14:872][  0]LogConfig: Setting CVar [[r.Shadow.CSM.MaxCascades:10]]
[2021.10.09-20.39.14:872][  0]LogConfig: Setting CVar [[r.Shadow.MaxResolution:2048]]
[2021.10.09-20.39.14:872][  0]LogConfig: Setting CVar [[r.Shadow.MaxCSMResolution:2048]]
[2021.10.09-20.39.14:872][  0]LogConfig: Setting CVar [[r.Shadow.RadiusThreshold:0.01]]
[2021.10.09-20.39.14:872][  0]LogConfig: Setting CVar [[r.Shadow.DistanceScale:1.0]]
[2021.10.09-20.39.14:872][  0]LogConfig: Setting CVar [[r.Shadow.CSM.TransitionScale:1.0]]
[2021.10.09-20.39.14:872][  0]LogConfig: Setting CVar [[r.Shadow.PreShadowResolutionFactor:1.0]]
[2021.10.09-20.39.14:872][  0]LogConfig: Setting CVar [[r.DistanceFieldShadowing:1]]
[2021.10.09-20.39.14:872][  0]LogConfig: Setting CVar [[r.DistanceFieldAO:1]]
[2021.10.09-20.39.14:872][  0]LogConfig: Setting CVar [[r.AOQuality:2]]
[2021.10.09-20.39.14:872][  0]LogConfig: Setting CVar [[r.VolumetricFog:1]]
[2021.10.09-20.39.14:872][  0]LogConfig: Setting CVar [[r.VolumetricFog.GridPixelSize:8]]
[2021.10.09-20.39.14:872][  0]LogConfig: Setting CVar [[r.VolumetricFog.GridSizeZ:128]]
[2021.10.09-20.39.14:872][  0]LogConfig: Setting CVar [[r.VolumetricFog.HistoryMissSupersampleCount:4]]
[2021.10.09-20.39.14:872][  0]LogConfig: Setting CVar [[r.LightMaxDrawDistanceScale:1]]
[2021.10.09-20.39.14:872][  0]LogConfig: Setting CVar [[r.CapsuleShadows:1]]
[2021.10.09-20.39.14:872][  0]LogConfig: Applying CVar settings from Section [PostProcessQuality@3] File [D:/cs498/LevelingUp/LevelDesignProject/Saved/Config/Windows/Scalability.ini]
[2021.10.09-20.39.14:872][  0]LogConfig: Setting CVar [[r.MotionBlurQuality:4]]
[2021.10.09-20.39.14:873][  0]LogConfig: Setting CVar [[r.AmbientOcclusionMipLevelFactor:0.4]]
[2021.10.09-20.39.14:873][  0]LogConfig: Setting CVar [[r.AmbientOcclusionMaxQuality:100]]
[2021.10.09-20.39.14:873][  0]LogConfig: Setting CVar [[r.AmbientOcclusionLevels:-1]]
[2021.10.09-20.39.14:873][  0]LogConfig: Setting CVar [[r.AmbientOcclusionRadiusScale:1.0]]
[2021.10.09-20.39.14:873][  0]LogConfig: Setting CVar [[r.DepthOfFieldQuality:2]]
[2021.10.09-20.39.14:873][  0]LogConfig: Setting CVar [[r.RenderTargetPoolMin:400]]
[2021.10.09-20.39.14:873][  0]LogConfig: Setting CVar [[r.LensFlareQuality:2]]
[2021.10.09-20.39.14:873][  0]LogConfig: Setting CVar [[r.SceneColorFringeQuality:1]]
[2021.10.09-20.39.14:873][  0]LogConfig: Setting CVar [[r.EyeAdaptationQuality:2]]
[2021.10.09-20.39.14:873][  0]LogConfig: Setting CVar [[r.BloomQuality:5]]
[2021.10.09-20.39.14:873][  0]LogConfig: Setting CVar [[r.FastBlurThreshold:100]]
[2021.10.09-20.39.14:873][  0]LogConfig: Setting CVar [[r.Upscale.Quality:3]]
[2021.10.09-20.39.14:873][  0]LogConfig: Setting CVar [[r.Tonemapper.GrainQuantization:1]]
[2021.10.09-20.39.14:873][  0]LogConfig: Setting CVar [[r.LightShaftQuality:1]]
[2021.10.09-20.39.14:873][  0]LogConfig: Setting CVar [[r.Filter.SizeScale:1]]
[2021.10.09-20.39.14:873][  0]LogConfig: Setting CVar [[r.Tonemapper.Quality:5]]
[2021.10.09-20.39.14:873][  0]LogConfig: Setting CVar [[r.DOF.Gather.AccumulatorQuality:1        ; higher gathering accumulator quality]]
[2021.10.09-20.39.14:873][  0]LogConfig: Setting CVar [[r.DOF.Gather.PostfilterMethod:1          ; Median3x3 postfilering method]]
[2021.10.09-20.39.14:873][  0]LogConfig: Setting CVar [[r.DOF.Gather.EnableBokehSettings:0       ; no bokeh simulation when gathering]]
[2021.10.09-20.39.14:873][  0]LogConfig: Setting CVar [[r.DOF.Gather.RingCount:4                 ; medium number of samples when gathering]]
[2021.10.09-20.39.14:873][  0]LogConfig: Setting CVar [[r.DOF.Scatter.ForegroundCompositing:1    ; additive foreground scattering]]
[2021.10.09-20.39.14:873][  0]LogConfig: Setting CVar [[r.DOF.Scatter.BackgroundCompositing:2    ; additive background scattering]]
[2021.10.09-20.39.14:873][  0]LogConfig: Setting CVar [[r.DOF.Scatter.EnableBokehSettings:1      ; bokeh simulation when scattering]]
[2021.10.09-20.39.14:873][  0]LogConfig: Setting CVar [[r.DOF.Scatter.MaxSpriteRatio:0.1         ; only a maximum of 10% of scattered bokeh]]
[2021.10.09-20.39.14:873][  0]LogConfig: Setting CVar [[r.DOF.Recombine.Quality:1                ; cheap slight out of focus]]
[2021.10.09-20.39.14:873][  0]LogConfig: Setting CVar [[r.DOF.Recombine.EnableBokehSettings:0    ; no bokeh simulation on slight out of focus]]
[2021.10.09-20.39.14:873][  0]LogConfig: Setting CVar [[r.DOF.TemporalAAQuality:1                ; more stable temporal accumulation]]
[2021.10.09-20.39.14:873][  0]LogConfig: Setting CVar [[r.DOF.Kernel.MaxForegroundRadius:0.025]]
[2021.10.09-20.39.14:873][  0]LogConfig: Setting CVar [[r.DOF.Kernel.MaxBackgroundRadius:0.025]]
[2021.10.09-20.39.14:873][  0]LogConfig: Applying CVar settings from Section [TextureQuality@3] File [D:/cs498/LevelingUp/LevelDesignProject/Saved/Config/Windows/Scalability.ini]
[2021.10.09-20.39.14:873][  0]LogConfig: Setting CVar [[r.Streaming.MipBias:0]]
[2021.10.09-20.39.14:873][  0]LogConfig: Setting CVar [[r.Streaming.AmortizeCPUToGPUCopy:0]]
[2021.10.09-20.39.14:873][  0]LogConfig: Setting CVar [[r.Streaming.MaxNumTexturesToStreamPerFrame:0]]
[2021.10.09-20.39.14:873][  0]LogConfig: Setting CVar [[r.Streaming.Boost:1]]
[2021.10.09-20.39.14:873][  0]LogConfig: Setting CVar [[r.MaxAnisotropy:8]]
[2021.10.09-20.39.14:873][  0]LogConfig: Setting CVar [[r.VT.MaxAnisotropy:8]]
[2021.10.09-20.39.14:873][  0]LogConfig: Setting CVar [[r.Streaming.LimitPoolSizeToVRAM:0]]
[2021.10.09-20.39.14:873][  0]LogConfig: Setting CVar [[r.Streaming.PoolSize:1000]]
[2021.10.09-20.39.14:873][  0]LogConfig: Setting CVar [[r.Streaming.MaxEffectiveScreenSize:0]]
[2021.10.09-20.39.14:873][  0]LogConfig: Applying CVar settings from Section [EffectsQuality@3] File [D:/cs498/LevelingUp/LevelDesignProject/Saved/Config/Windows/Scalability.ini]
[2021.10.09-20.39.14:873][  0]LogConfig: Setting CVar [[r.TranslucencyLightingVolumeDim:64]]
[2021.10.09-20.39.14:873][  0]LogConfig: Setting CVar [[r.RefractionQuality:2]]
[2021.10.09-20.39.14:873][  0]LogConfig: Setting CVar [[r.SSR.Quality:3]]
[2021.10.09-20.39.14:873][  0]LogConfig: Setting CVar [[r.SSR.HalfResSceneColor:0]]
[2021.10.09-20.39.14:873][  0]LogConfig: Setting CVar [[r.SceneColorFormat:4]]
[2021.10.09-20.39.14:873][  0]LogConfig: Setting CVar [[r.DetailMode:2]]
[2021.10.09-20.39.14:873][  0]LogConfig: Setting CVar [[r.TranslucencyVolumeBlur:1]]
[2021.10.09-20.39.14:873][  0]LogConfig: Setting CVar [[r.MaterialQualityLevel:1 ; High quality]]
[2021.10.09-20.39.14:873][  0]LogConfig: Setting CVar [[r.AnisotropicMaterials:1]]
[2021.10.09-20.39.14:873][  0]LogConfig: Setting CVar [[r.SSS.Scale:1]]
[2021.10.09-20.39.14:873][  0]LogConfig: Setting CVar [[r.SSS.SampleSet:2]]
[2021.10.09-20.39.14:873][  0]LogConfig: Setting CVar [[r.SSS.Quality:1]]
[2021.10.09-20.39.14:873][  0]LogConfig: Setting CVar [[r.SSS.HalfRes:0]]
[2021.10.09-20.39.14:873][  0]LogConfig: Setting CVar [[r.SSGI.Quality:3]]
[2021.10.09-20.39.14:873][  0]LogConfig: Setting CVar [[r.EmitterSpawnRateScale:1.0]]
[2021.10.09-20.39.14:873][  0]LogConfig: Setting CVar [[r.ParticleLightQuality:2]]
[2021.10.09-20.39.14:873][  0]LogConfig: Setting CVar [[r.SkyAtmosphere.AerialPerspectiveLUT.FastApplyOnOpaque:1 ; Always have FastSkyLUT 1 in this case to avoid wrong sky]]
[2021.10.09-20.39.14:873][  0]LogConfig: Setting CVar [[r.SkyAtmosphere.AerialPerspectiveLUT.SampleCountMaxPerSlice:4]]
[2021.10.09-20.39.14:873][  0]LogConfig: Setting CVar [[r.SkyAtmosphere.AerialPerspectiveLUT.DepthResolution:16.0]]
[2021.10.09-20.39.14:873][  0]LogConfig: Setting CVar [[r.SkyAtmosphere.FastSkyLUT:1]]
[2021.10.09-20.39.14:873][  0]LogConfig: Setting CVar [[r.SkyAtmosphere.FastSkyLUT.SampleCountMin:4.0]]
[2021.10.09-20.39.14:873][  0]LogConfig: Setting CVar [[r.SkyAtmosphere.FastSkyLUT.SampleCountMax:128.0]]
[2021.10.09-20.39.14:873][  0]LogConfig: Setting CVar [[r.SkyAtmosphere.SampleCountMin:4.0]]
[2021.10.09-20.39.14:873][  0]LogConfig: Setting CVar [[r.SkyAtmosphere.SampleCountMax:128.0]]
[2021.10.09-20.39.14:873][  0]LogConfig: Setting CVar [[r.SkyAtmosphere.TransmittanceLUT.UseSmallFormat:0]]
[2021.10.09-20.39.14:873][  0]LogConfig: Setting CVar [[r.SkyAtmosphere.TransmittanceLUT.SampleCount:10.0]]
[2021.10.09-20.39.14:873][  0]LogConfig: Setting CVar [[r.SkyAtmosphere.MultiScatteringLUT.SampleCount:15.0]]
[2021.10.09-20.39.14:873][  0]LogConfig: Setting CVar [[r.SkyLight.RealTimeReflectionCapture:1]]
[2021.10.09-20.39.14:873][  0]LogConfig: Applying CVar settings from Section [FoliageQuality@3] File [D:/cs498/LevelingUp/LevelDesignProject/Saved/Config/Windows/Scalability.ini]
[2021.10.09-20.39.14:873][  0]LogConfig: Setting CVar [[foliage.DensityScale:1.0]]
[2021.10.09-20.39.14:873][  0]LogConfig: Setting CVar [[grass.DensityScale:1.0]]
[2021.10.09-20.39.14:873][  0]LogConfig: Applying CVar settings from Section [ShadingQuality@3] File [D:/cs498/LevelingUp/LevelDesignProject/Saved/Config/Windows/Scalability.ini]
[2021.10.09-20.39.14:873][  0]LogConfig: Setting CVar [[r.HairStrands.SkyLighting.IntegrationType:2]]
[2021.10.09-20.39.14:873][  0]LogConfig: Setting CVar [[r.HairStrands.SkyAO.SampleCount:4]]
[2021.10.09-20.39.14:873][  0]LogConfig: Setting CVar [[r.HairStrands.Visibility.MSAA.SamplePerPixel:4]]
[2021.10.09-20.39.14:873][  0]LogInit: Selected Device Profile: [Windows]
[2021.10.09-20.39.14:873][  0]LogInit: Applying CVar settings loaded from the selected device profile: [Windows]
[2021.10.09-20.39.14:873][  0]LogHAL: Display: Platform has ~ 8 GB [8423399424 / 8589934592 / 8], which maps to Default [LargestMinGB=32, LargerMinGB=12, DefaultMinGB=8, SmallerMinGB=6, SmallestMinGB=0)
[2021.10.09-20.39.14:873][  0]LogInit: Going up to parent DeviceProfile []
[2021.10.09-20.39.14:873][  0]LogConfig: Applying CVar settings from Section [ViewDistanceQuality@3] File [D:/cs498/LevelingUp/LevelDesignProject/Saved/Config/Windows/Scalability.ini]
[2021.10.09-20.39.14:873][  0]LogConfig: Setting CVar [[r.SkeletalMeshLODBias:0]]
[2021.10.09-20.39.14:873][  0]LogConfig: Setting CVar [[r.ViewDistanceScale:1.0]]
[2021.10.09-20.39.14:873][  0]LogConfig: Applying CVar settings from Section [AntiAliasingQuality@3] File [D:/cs498/LevelingUp/LevelDesignProject/Saved/Config/Windows/Scalability.ini]
[2021.10.09-20.39.14:873][  0]LogConfig: Setting CVar [[r.PostProcessAAQuality:4]]
[2021.10.09-20.39.14:873][  0]LogConfig: Applying CVar settings from Section [ShadowQuality@3] File [D:/cs498/LevelingUp/LevelDesignProject/Saved/Config/Windows/Scalability.ini]
[2021.10.09-20.39.14:873][  0]LogConfig: Setting CVar [[r.LightFunctionQuality:1]]
[2021.10.09-20.39.14:873][  0]LogConfig: Setting CVar [[r.ShadowQuality:5]]
[2021.10.09-20.39.14:873][  0]LogConfig: Setting CVar [[r.Shadow.CSM.MaxCascades:10]]
[2021.10.09-20.39.14:873][  0]LogConfig: Setting CVar [[r.Shadow.MaxResolution:2048]]
[2021.10.09-20.39.14:873][  0]LogConfig: Setting CVar [[r.Shadow.MaxCSMResolution:2048]]
[2021.10.09-20.39.14:874][  0]LogConfig: Setting CVar [[r.Shadow.RadiusThreshold:0.01]]
[2021.10.09-20.39.14:874][  0]LogConfig: Setting CVar [[r.Shadow.DistanceScale:1.0]]
[2021.10.09-20.39.14:874][  0]LogConfig: Setting CVar [[r.Shadow.CSM.TransitionScale:1.0]]
[2021.10.09-20.39.14:874][  0]LogConfig: Setting CVar [[r.Shadow.PreShadowResolutionFactor:1.0]]
[2021.10.09-20.39.14:874][  0]LogConfig: Setting CVar [[r.DistanceFieldShadowing:1]]
[2021.10.09-20.39.14:874][  0]LogConfig: Setting CVar [[r.DistanceFieldAO:1]]
[2021.10.09-20.39.14:874][  0]LogConfig: Setting CVar [[r.AOQuality:2]]
[2021.10.09-20.39.14:874][  0]LogConfig: Setting CVar [[r.VolumetricFog:1]]
[2021.10.09-20.39.14:874][  0]LogConfig: Setting CVar [[r.VolumetricFog.GridPixelSize:8]]
[2021.10.09-20.39.14:874][  0]LogConfig: Setting CVar [[r.VolumetricFog.GridSizeZ:128]]
[2021.10.09-20.39.14:874][  0]LogConfig: Setting CVar [[r.VolumetricFog.HistoryMissSupersampleCount:4]]
[2021.10.09-20.39.14:874][  0]LogConfig: Setting CVar [[r.LightMaxDrawDistanceScale:1]]
[2021.10.09-20.39.14:874][  0]LogConfig: Setting CVar [[r.CapsuleShadows:1]]
[2021.10.09-20.39.14:874][  0]LogConfig: Applying CVar settings from Section [PostProcessQuality@3] File [D:/cs498/LevelingUp/LevelDesignProject/Saved/Config/Windows/Scalability.ini]
[2021.10.09-20.39.14:874][  0]LogConfig: Setting CVar [[r.MotionBlurQuality:4]]
[2021.10.09-20.39.14:874][  0]LogConfig: Setting CVar [[r.AmbientOcclusionMipLevelFactor:0.4]]
[2021.10.09-20.39.14:874][  0]LogConfig: Setting CVar [[r.AmbientOcclusionMaxQuality:100]]
[2021.10.09-20.39.14:874][  0]LogConfig: Setting CVar [[r.AmbientOcclusionLevels:-1]]
[2021.10.09-20.39.14:874][  0]LogConfig: Setting CVar [[r.AmbientOcclusionRadiusScale:1.0]]
[2021.10.09-20.39.14:874][  0]LogConfig: Setting CVar [[r.DepthOfFieldQuality:2]]
[2021.10.09-20.39.14:874][  0]LogConfig: Setting CVar [[r.RenderTargetPoolMin:400]]
[2021.10.09-20.39.14:874][  0]LogConfig: Setting CVar [[r.LensFlareQuality:2]]
[2021.10.09-20.39.14:874][  0]LogConfig: Setting CVar [[r.SceneColorFringeQuality:1]]
[2021.10.09-20.39.14:874][  0]LogConfig: Setting CVar [[r.EyeAdaptationQuality:2]]
[2021.10.09-20.39.14:874][  0]LogConfig: Setting CVar [[r.BloomQuality:5]]
[2021.10.09-20.39.14:874][  0]LogConfig: Setting CVar [[r.FastBlurThreshold:100]]
[2021.10.09-20.39.14:874][  0]LogConfig: Setting CVar [[r.Upscale.Quality:3]]
[2021.10.09-20.39.14:874][  0]LogConfig: Setting CVar [[r.Tonemapper.GrainQuantization:1]]
[2021.10.09-20.39.14:874][  0]LogConfig: Setting CVar [[r.LightShaftQuality:1]]
[2021.10.09-20.39.14:874][  0]LogConfig: Setting CVar [[r.Filter.SizeScale:1]]
[2021.10.09-20.39.14:874][  0]LogConfig: Setting CVar [[r.Tonemapper.Quality:5]]
[2021.10.09-20.39.14:874][  0]LogConfig: Setting CVar [[r.DOF.Gather.AccumulatorQuality:1        ; higher gathering accumulator quality]]
[2021.10.09-20.39.14:874][  0]LogConfig: Setting CVar [[r.DOF.Gather.PostfilterMethod:1          ; Median3x3 postfilering method]]
[2021.10.09-20.39.14:874][  0]LogConfig: Setting CVar [[r.DOF.Gather.EnableBokehSettings:0       ; no bokeh simulation when gathering]]
[2021.10.09-20.39.14:874][  0]LogConfig: Setting CVar [[r.DOF.Gather.RingCount:4                 ; medium number of samples when gathering]]
[2021.10.09-20.39.14:874][  0]LogConfig: Setting CVar [[r.DOF.Scatter.ForegroundCompositing:1    ; additive foreground scattering]]
[2021.10.09-20.39.14:874][  0]LogConfig: Setting CVar [[r.DOF.Scatter.BackgroundCompositing:2    ; additive background scattering]]
[2021.10.09-20.39.14:874][  0]LogConfig: Setting CVar [[r.DOF.Scatter.EnableBokehSettings:1      ; bokeh simulation when scattering]]
[2021.10.09-20.39.14:874][  0]LogConfig: Setting CVar [[r.DOF.Scatter.MaxSpriteRatio:0.1         ; only a maximum of 10% of scattered bokeh]]
[2021.10.09-20.39.14:874][  0]LogConfig: Setting CVar [[r.DOF.Recombine.Quality:1                ; cheap slight out of focus]]
[2021.10.09-20.39.14:874][  0]LogConfig: Setting CVar [[r.DOF.Recombine.EnableBokehSettings:0    ; no bokeh simulation on slight out of focus]]
[2021.10.09-20.39.14:874][  0]LogConfig: Setting CVar [[r.DOF.TemporalAAQuality:1                ; more stable temporal accumulation]]
[2021.10.09-20.39.14:874][  0]LogConfig: Setting CVar [[r.DOF.Kernel.MaxForegroundRadius:0.025]]
[2021.10.09-20.39.14:874][  0]LogConfig: Setting CVar [[r.DOF.Kernel.MaxBackgroundRadius:0.025]]
[2021.10.09-20.39.14:874][  0]LogConfig: Applying CVar settings from Section [TextureQuality@3] File [D:/cs498/LevelingUp/LevelDesignProject/Saved/Config/Windows/Scalability.ini]
[2021.10.09-20.39.14:874][  0]LogConfig: Setting CVar [[r.Streaming.MipBias:0]]
[2021.10.09-20.39.14:874][  0]LogConfig: Setting CVar [[r.Streaming.AmortizeCPUToGPUCopy:0]]
[2021.10.09-20.39.14:874][  0]LogConfig: Setting CVar [[r.Streaming.MaxNumTexturesToStreamPerFrame:0]]
[2021.10.09-20.39.14:874][  0]LogConfig: Setting CVar [[r.Streaming.Boost:1]]
[2021.10.09-20.39.14:874][  0]LogConfig: Setting CVar [[r.MaxAnisotropy:8]]
[2021.10.09-20.39.14:874][  0]LogConfig: Setting CVar [[r.VT.MaxAnisotropy:8]]
[2021.10.09-20.39.14:874][  0]LogConfig: Setting CVar [[r.Streaming.LimitPoolSizeToVRAM:0]]
[2021.10.09-20.39.14:874][  0]LogConfig: Setting CVar [[r.Streaming.PoolSize:1000]]
[2021.10.09-20.39.14:874][  0]LogConfig: Setting CVar [[r.Streaming.MaxEffectiveScreenSize:0]]
[2021.10.09-20.39.14:874][  0]LogConfig: Applying CVar settings from Section [EffectsQuality@3] File [D:/cs498/LevelingUp/LevelDesignProject/Saved/Config/Windows/Scalability.ini]
[2021.10.09-20.39.14:874][  0]LogConfig: Setting CVar [[r.TranslucencyLightingVolumeDim:64]]
[2021.10.09-20.39.14:874][  0]LogConfig: Setting CVar [[r.RefractionQuality:2]]
[2021.10.09-20.39.14:874][  0]LogConfig: Setting CVar [[r.SSR.Quality:3]]
[2021.10.09-20.39.14:874][  0]LogConfig: Setting CVar [[r.SSR.HalfResSceneColor:0]]
[2021.10.09-20.39.14:874][  0]LogConfig: Setting CVar [[r.SceneColorFormat:4]]
[2021.10.09-20.39.14:874][  0]LogConfig: Setting CVar [[r.DetailMode:2]]
[2021.10.09-20.39.14:874][  0]LogConfig: Setting CVar [[r.TranslucencyVolumeBlur:1]]
[2021.10.09-20.39.14:874][  0]LogConfig: Setting CVar [[r.MaterialQualityLevel:1 ; High quality]]
[2021.10.09-20.39.14:874][  0]LogConfig: Setting CVar [[r.AnisotropicMaterials:1]]
[2021.10.09-20.39.14:874][  0]LogConfig: Setting CVar [[r.SSS.Scale:1]]
[2021.10.09-20.39.14:874][  0]LogConfig: Setting CVar [[r.SSS.SampleSet:2]]
[2021.10.09-20.39.14:874][  0]LogConfig: Setting CVar [[r.SSS.Quality:1]]
[2021.10.09-20.39.14:874][  0]LogConfig: Setting CVar [[r.SSS.HalfRes:0]]
[2021.10.09-20.39.14:874][  0]LogConfig: Setting CVar [[r.SSGI.Quality:3]]
[2021.10.09-20.39.14:874][  0]LogConfig: Setting CVar [[r.EmitterSpawnRateScale:1.0]]
[2021.10.09-20.39.14:874][  0]LogConfig: Setting CVar [[r.ParticleLightQuality:2]]
[2021.10.09-20.39.14:874][  0]LogConfig: Setting CVar [[r.SkyAtmosphere.AerialPerspectiveLUT.FastApplyOnOpaque:1 ; Always have FastSkyLUT 1 in this case to avoid wrong sky]]
[2021.10.09-20.39.14:874][  0]LogConfig: Setting CVar [[r.SkyAtmosphere.AerialPerspectiveLUT.SampleCountMaxPerSlice:4]]
[2021.10.09-20.39.14:874][  0]LogConfig: Setting CVar [[r.SkyAtmosphere.AerialPerspectiveLUT.DepthResolution:16.0]]
[2021.10.09-20.39.14:874][  0]LogConfig: Setting CVar [[r.SkyAtmosphere.FastSkyLUT:1]]
[2021.10.09-20.39.14:874][  0]LogConfig: Setting CVar [[r.SkyAtmosphere.FastSkyLUT.SampleCountMin:4.0]]
[2021.10.09-20.39.14:874][  0]LogConfig: Setting CVar [[r.SkyAtmosphere.FastSkyLUT.SampleCountMax:128.0]]
[2021.10.09-20.39.14:874][  0]LogConfig: Setting CVar [[r.SkyAtmosphere.SampleCountMin:4.0]]
[2021.10.09-20.39.14:874][  0]LogConfig: Setting CVar [[r.SkyAtmosphere.SampleCountMax:128.0]]
[2021.10.09-20.39.14:874][  0]LogConfig: Setting CVar [[r.SkyAtmosphere.TransmittanceLUT.UseSmallFormat:0]]
[2021.10.09-20.39.14:874][  0]LogConfig: Setting CVar [[r.SkyAtmosphere.TransmittanceLUT.SampleCount:10.0]]
[2021.10.09-20.39.14:874][  0]LogConfig: Setting CVar [[r.SkyAtmosphere.MultiScatteringLUT.SampleCount:15.0]]
[2021.10.09-20.39.14:874][  0]LogConfig: Setting CVar [[r.SkyLight.RealTimeReflectionCapture:1]]
[2021.10.09-20.39.14:874][  0]LogConfig: Applying CVar settings from Section [FoliageQuality@3] File [D:/cs498/LevelingUp/LevelDesignProject/Saved/Config/Windows/Scalability.ini]
[2021.10.09-20.39.14:874][  0]LogConfig: Setting CVar [[foliage.DensityScale:1.0]]
[2021.10.09-20.39.14:874][  0]LogConfig: Setting CVar [[grass.DensityScale:1.0]]
[2021.10.09-20.39.14:874][  0]LogConfig: Applying CVar settings from Section [ShadingQuality@3] File [D:/cs498/LevelingUp/LevelDesignProject/Saved/Config/Windows/Scalability.ini]
[2021.10.09-20.39.14:874][  0]LogConfig: Setting CVar [[r.HairStrands.SkyLighting.IntegrationType:2]]
[2021.10.09-20.39.14:874][  0]LogConfig: Setting CVar [[r.HairStrands.SkyAO.SampleCount:4]]
[2021.10.09-20.39.14:874][  0]LogConfig: Setting CVar [[r.HairStrands.Visibility.MSAA.SamplePerPixel:4]]
[2021.10.09-20.39.14:874][  0]LogConfig: Applying CVar settings from Section [Startup] File [../../../Engine/Config/ConsoleVariables.ini]
[2021.10.09-20.39.14:875][  0]LogConfig: Setting CVar [[net.UseAdaptiveNetUpdateFrequency:0]]
[2021.10.09-20.39.14:875][  0]LogConfig: Setting CVar [[p.chaos.AllowCreatePhysxBodies:1]]
[2021.10.09-20.39.14:875][  0]LogConfig: Setting CVar [[fx.SkipVectorVMBackendOptimizations:1]]
[2021.10.09-20.39.14:875][  0]LogConfig: Applying CVar settings from Section [ConsoleVariables] File [D:/cs498/LevelingUp/LevelDesignProject/Saved/Config/Windows/Engine.ini]
[2021.10.09-20.39.14:875][  0]LogConfig: Applying CVar settings from Section [ConsoleVariables] File [D:/cs498/LevelingUp/LevelDesignProject/Saved/Config/Windows/Editor.ini]
[2021.10.09-20.39.14:875][  0]LogInit: Computer: LAPTOP-EAMCN3CV
[2021.10.09-20.39.14:875][  0]LogInit: User: hp
[2021.10.09-20.39.14:875][  0]LogInit: CPU Page size=4096, Cores=4
[2021.10.09-20.39.14:875][  0]LogInit: High frequency timer resolution =10.000000 MHz
[2021.10.09-20.39.14:875][  0]LogMemory: Memory total: Physical=7.8GB (8GB approx)
[2021.10.09-20.39.14:875][  0]LogMemory: Platform Memory Stats for Windows
[2021.10.09-20.39.14:875][  0]LogMemory: Process Physical Memory: 140.76 MB used, 140.77 MB peak
[2021.10.09-20.39.14:875][  0]LogMemory: Process Virtual Memory: 124.24 MB used, 124.24 MB peak
[2021.10.09-20.39.14:875][  0]LogMemory: Physical Memory: 6467.17 MB used,  1566.01 MB free, 8033.18 MB total
[2021.10.09-20.39.14:875][  0]LogMemory: Virtual Memory: 134207944.00 MB used,  9787.33 MB free, 134217728.00 MB total
[2021.10.09-20.39.14:904][  0]LogWindows: WindowsPlatformFeatures enabled
[2021.10.09-20.39.15:165][  0]LogInit: Physics initialised using underlying interface: PhysX
[2021.10.09-20.39.15:165][  0]LogInit: Using OS detected language (zh-CN).
[2021.10.09-20.39.15:165][  0]LogInit: Using OS detected locale (zh-CN).
[2021.10.09-20.39.15:168][  0]LogTextLocalizationManager: No specific localization for 'zh-CN' exists, so the 'zh-Hans' localization will be used.
[2021.10.09-20.39.15:419][  0]LogTextLocalizationResource: LocRes '../../../Engine/Content/Localization/Editor/zh/Editor.locres' could not be opened for reading!
[2021.10.09-20.39.15:419][  0]LogTextLocalizationResource: LocRes '../../../Engine/Content/Localization/EditorTutorials/zh/EditorTutorials.locres' could not be opened for reading!
[2021.10.09-20.39.15:419][  0]LogTextLocalizationResource: LocRes '../../../Engine/Content/Localization/Keywords/zh/Keywords.locres' could not be opened for reading!
[2021.10.09-20.39.15:419][  0]LogTextLocalizationResource: LocRes '../../../Engine/Content/Localization/Category/zh/Category.locres' could not be opened for reading!
[2021.10.09-20.39.15:419][  0]LogTextLocalizationResource: LocRes '../../../Engine/Content/Localization/ToolTips/zh/ToolTips.locres' could not be opened for reading!
[2021.10.09-20.39.15:419][  0]LogTextLocalizationResource: LocRes '../../../Engine/Content/Localization/PropertyNames/zh/PropertyNames.locres' could not be opened for reading!
[2021.10.09-20.39.15:419][  0]LogTextLocalizationResource: LocRes '../../../Engine/Content/Localization/Engine/zh/Engine.locres' could not be opened for reading!
[2021.10.09-20.39.15:420][  0]LogTextLocalizationResource: LocRes '../../../Engine/Plugins/Online/OnlineSubsystem/Content/Localization/OnlineSubsystem/zh/OnlineSubsystem.locres' could not be opened for reading!
[2021.10.09-20.39.15:420][  0]LogTextLocalizationResource: LocRes '../../../Engine/Plugins/Online/OnlineSubsystemUtils/Content/Localization/OnlineSubsystemUtils/zh/OnlineSubsystemUtils.locres' could not be opened for reading!
[2021.10.09-20.39.15:420][  0]LogTextLocalizationResource: LocRes '../../../Engine/Plugins/Online/Android/OnlineSubsystemGooglePlay/Content/Localization/OnlineSubsystemGooglePlay/zh/OnlineSubsystemGooglePlay.locres' could not be opened for reading!
[2021.10.09-20.39.15:420][  0]LogTextLocalizationResource: LocRes '../../../Engine/Plugins/Online/IOS/OnlineSubsystemIOS/Content/Localization/OnlineSubsystemIOS/zh/OnlineSubsystemIOS.locres' could not be opened for reading!
[2021.10.09-20.39.15:553][  0]LogWindowsTextInputMethodSystem: Display: IME system deactivated.
[2021.10.09-20.39.15:654][  0]LogSlate: New Slate User Created.  User Index 0, Is Virtual User: 0
[2021.10.09-20.39.15:654][  0]LogSlate: Slate User Registered.  User Index 0, Is Virtual User: 0
[2021.10.09-20.39.15:717][  0]LogD3D11RHI: Loaded GFSDK_Aftermath_Lib.x64.dll
[2021.10.09-20.39.15:750][  0]LogHMD: Failed to initialize OpenVR with code 110
[2021.10.09-20.39.15:750][  0]LogD3D11RHI: D3D11 min allowed feature level: 11_0
[2021.10.09-20.39.15:750][  0]LogD3D11RHI: D3D11 max allowed feature level: 11_0
[2021.10.09-20.39.15:750][  0]LogD3D11RHI: D3D11 adapters:
[2021.10.09-20.39.15:942][  0]LogD3D11RHI:    0. 'NVIDIA GeForce GTX 1650' (Feature Level 11_0)
[2021.10.09-20.39.15:942][  0]LogD3D11RHI:       3962/0/4016 MB DedicatedVideo/DedicatedSystem/SharedSystem, Outputs:1, VendorId:0x10de
[2021.10.09-20.39.16:049][  0]LogD3D11RHI:    1. 'Intel(R) UHD Graphics 630' (Feature Level 11_0)
[2021.10.09-20.39.16:049][  0]LogD3D11RHI:       128/0/4016 MB DedicatedVideo/DedicatedSystem/SharedSystem, Outputs:0, VendorId:0x8086
[2021.10.09-20.39.16:056][  0]LogD3D11RHI:    2. 'Microsoft Basic Render Driver' (Feature Level 11_0)
[2021.10.09-20.39.16:056][  0]LogD3D11RHI:       0/0/4016 MB DedicatedVideo/DedicatedSystem/SharedSystem, Outputs:0, VendorId:0x1414
[2021.10.09-20.39.16:056][  0]LogD3D11RHI: Chosen D3D11 Adapter: 0
[2021.10.09-20.39.16:070][  0]LogD3D11RHI: Creating new Direct3DDevice
[2021.10.09-20.39.16:070][  0]LogD3D11RHI:     GPU DeviceId: 0x1f91 (for the marketing name, search the web for "GPU Device Id")
[2021.10.09-20.39.16:070][  0]LogWindows: EnumDisplayDevices:
[2021.10.09-20.39.16:071][  0]LogWindows:    0. 'Intel(R) UHD Graphics 630' (P:1 D:1)
[2021.10.09-20.39.16:073][  0]LogWindows:    1. 'Intel(R) UHD Graphics 630' (P:0 D:0)
[2021.10.09-20.39.16:075][  0]LogWindows:    2. 'Intel(R) UHD Graphics 630' (P:0 D:0)
[2021.10.09-20.39.16:078][  0]LogWindows:    3. 'NVIDIA GeForce GTX 1650' (P:0 D:0)
[2021.10.09-20.39.16:080][  0]LogWindows:    4. 'NVIDIA GeForce GTX 1650' (P:0 D:0)
[2021.10.09-20.39.16:082][  0]LogWindows:    5. 'NVIDIA GeForce GTX 1650' (P:0 D:0)
[2021.10.09-20.39.16:084][  0]LogWindows:    6. 'NVIDIA GeForce GTX 1650' (P:0 D:0)
[2021.10.09-20.39.16:087][  0]LogWindows: DebugString: PrimaryIsNotTheChoosenAdapter PrimaryIsNotTheChoosenAdapter PrimaryIsNotTheChoosenAdapter FoundDriverCount:4 
[2021.10.09-20.39.16:087][  0]LogD3D11RHI:     Adapter Name: NVIDIA GeForce GTX 1650
[2021.10.09-20.39.16:087][  0]LogD3D11RHI:   Driver Version: 471.68 (internal:30.0.14.7168, unified:471.68)
[2021.10.09-20.39.16:087][  0]LogD3D11RHI:      Driver Date: 8-5-2021
[2021.10.09-20.39.16:087][  0]LogRHI: Texture pool is 2773 MB (70% of 3962 MB)
[2021.10.09-20.39.16:203][  0]LogD3D11RHI: RHI has support for 64 bit atomics
[2021.10.09-20.39.16:203][  0]LogD3D11RHI: Async texture creation enabled
[2021.10.09-20.39.16:203][  0]LogD3D11RHI: Array index from any shader is supported
[2021.10.09-20.39.16:244][  0]LogD3D11RHI: GPU Timing Frequency: 1000.000000 (Debug: 2 2)
[2021.10.09-20.39.16:432][  0]LogRHI: GeForceNow SDK initialized: 1
[2021.10.09-20.39.17:298][  0]LogTargetPlatformManager: Display: Loaded TargetPlatform 'WindowsNoEditor'
[2021.10.09-20.39.17:312][  0]LogTargetPlatformManager: Display: Loaded TargetPlatform 'Windows'
[2021.10.09-20.39.17:322][  0]LogTargetPlatformManager: Display: Loaded TargetPlatform 'WindowsClient'
[2021.10.09-20.39.17:334][  0]LogTargetPlatformManager: Display: Loaded TargetPlatform 'WindowsServer'
[2021.10.09-20.39.17:334][  0]LogTargetPlatformManager: Display: Building Assets For Windows
[2021.10.09-20.39.17:361][  0]LogAudioDebug: Display: Lib vorbis DLL was dynamically loaded.
[2021.10.09-20.39.17:453][  0]LogTextureFormatOodle: Display: Oodle Texture 2.9.0 init RDO Off
[2021.10.09-20.39.17:544][  0]LogRendererCore: Ray tracing is disabled. Reason: r.RayTracing=0.
[2021.10.09-20.39.17:544][  0]LogShaderCompilers: Guid format shader working directory is -5 characters bigger than the processId version (../../../../cs498/LevelingUp/LevelDesignProject/Intermediate/Shaders/WorkingDirectory/23928/).
[2021.10.09-20.39.17:545][  0]LogShaderCompilers: Cleaned the shader compiler working directory 'C:/Users/hp/AppData/Local/Temp/UnrealShaderWorkingDir/574B40FA4A0AE471C79740935BCB0374/'.
[2021.10.09-20.39.17:545][  0]LogXGEController: Cannot use XGE Controller as Incredibuild is not installed on this machine.
[2021.10.09-20.39.17:546][  0]LogShaderCompilers: Cannot use XGE Shader Compiler as Incredibuild is not installed on this machine.
[2021.10.09-20.39.17:546][  0]LogShaderCompilers: Display: Using Local Shader Compiler.
[2021.10.09-20.39.18:652][  0]LogDerivedDataCache: Display: Max Cache Size: 512 MB
[2021.10.09-20.39.18:850][  0]LogDerivedDataCache: Loaded boot cache 0.20s 95MB C:/Users/hp/AppData/Local/UnrealEngine/4.27/DerivedDataCache/Boot.ddc.
[2021.10.09-20.39.18:851][  0]LogDerivedDataCache: Display: Loaded Boot cache: C:/Users/hp/AppData/Local/UnrealEngine/4.27/DerivedDataCache/Boot.ddc
[2021.10.09-20.39.18:851][  0]LogDerivedDataCache: FDerivedDataBackendGraph:  Pak pak cache file ../../../../cs498/LevelingUp/LevelDesignProject/DerivedDataCache/DDC.ddp not found, will not use a pak cache.
[2021.10.09-20.39.18:851][  0]LogDerivedDataCache: Unable to find inner node Pak for hierarchical cache Hierarchy.
[2021.10.09-20.39.18:851][  0]LogDerivedDataCache: FDerivedDataBackendGraph:  CompressedPak pak cache file ../../../../cs498/LevelingUp/LevelDesignProject/DerivedDataCache/Compressed.ddp not found, will not use a pak cache.
[2021.10.09-20.39.18:851][  0]LogDerivedDataCache: Unable to find inner node CompressedPak for hierarchical cache Hierarchy.
[2021.10.09-20.39.18:882][  0]LogDerivedDataCache: Display: Pak cache opened for reading ../../../Engine/DerivedDataCache/Compressed.ddp.
[2021.10.09-20.39.18:882][  0]LogDerivedDataCache: FDerivedDataBackendGraph:  EnterprisePak pak cache file ../../../Enterprise/DerivedDataCache/Compressed.ddp not found, will not use a pak cache.
[2021.10.09-20.39.18:882][  0]LogDerivedDataCache: Unable to find inner node EnterprisePak for hierarchical cache Hierarchy.
[2021.10.09-20.39.18:905][  0]LogDerivedDataCache: Speed tests for C:/Users/hp/AppData/Local/UnrealEngine/Common/DerivedDataCache took 0.02 seconds
[2021.10.09-20.39.18:905][  0]LogDerivedDataCache: Display: Performance to C:/Users/hp/AppData/Local/UnrealEngine/Common/DerivedDataCache: Latency=0.13ms. RandomReadSpeed=135.09MBs, RandomWriteSpeed=64.05MBs. Assigned SpeedClass 'Local'
[2021.10.09-20.39.18:908][  0]LogDerivedDataCache: Using Local data cache path C:/Users/hp/AppData/Local/UnrealEngine/Common/DerivedDataCache: Writable
[2021.10.09-20.39.18:908][  0]LogDerivedDataCache: Shared data cache path not found in *engine.ini, will not use an Shared cache.
[2021.10.09-20.39.18:908][  0]LogDerivedDataCache: Unable to find inner node Shared for hierarchical cache Hierarchy.
[2021.10.09-20.39.18:975][  0]LogSlate: Using FreeType 2.10.0
[2021.10.09-20.39.18:980][  0]LogSlate: SlateFontServices - WITH_FREETYPE: 1, WITH_HARFBUZZ: 1
[2021.10.09-20.39.19:290][  0]LogInit: Using OS detected language (zh-CN).
[2021.10.09-20.39.19:290][  0]LogInit: Using OS detected locale (zh-CN).
[2021.10.09-20.39.19:290][  0]LogTextLocalizationManager: No localization for 'zh-CN' exists, so 'en' will be used for the language.
[2021.10.09-20.39.19:290][  0]LogTextLocalizationManager: No localization for 'zh-CN' exists, so 'en' will be used for the locale.
[2021.10.09-20.39.19:291][  0]LogSlate: FontCache flush requested. Reason: Culture for localization was changed
[2021.10.09-20.39.19:291][  0]LogSlate: FontCache flush requested. Reason: Culture for localization was changed
[2021.10.09-20.39.19:305][  0]LogAssetRegistry: FAssetRegistry took 0.0089 seconds to start up
[2021.10.09-20.39.19:670][  0]LogTextLocalizationManager: Compacting localization data took   0.00ms
[2021.10.09-20.39.19:670][  0]LogPackageLocalizationCache: Processed 27 localized package path(s) for 1 prioritized culture(s) in 0.005312 seconds
[2021.10.09-20.39.19:831][  0]LogInit: Selected Device Profile: [Windows]
[2021.10.09-20.39.19:831][  0]LogInit: Active device profile: [0000012E9D5CBE00][0000012E9A294CC0 49] Windows
[2021.10.09-20.39.19:832][  0]LogInit: Profiles: [0000012E9D5CBE00][0000012E9A294CC0 49] Windows, [0000012E9D580400][0000012E9A0B0E40 49] WindowsNoEditor, [0000012E9D5C8400][0000012E9A0B4FC0 49] WindowsServer, [0000012E9D581900][0000012E9A0B9140 49] WindowsClient, [0000012E9D5C9800][0000012E9A0BD2C0 49] IOS, [0000012E9D582300][0000012E9A0C1440 49] iPadAir, [0000012E9D5CA100][0000012E9A0AD580 49] iPadAir2, [0000012E9D53C100][0000012E9A0C97C0 49] IPadPro, [0000012E9D53BF00][0000012E9A0C5800 49] iPadAir3, [0000012E9D5CBB00][0000012E9A0CD940 49] iPadAir4, [0000012E9D538900][0000012E9A0D5AC0 49] iPadMini2, [0000012E9D5C8500][0000012E9A0D80C0 49] iPadMini3, [0000012E9D53AF00][0000012E9A0DC240 49] iPadMini4, [0000012E9D5CAE00][0000012E9A0E03C0 49] iPadMini5, [0000012E9D583800][0000012E99DD4680 49] iPhone6, [0000012E9D583900][0000012E99DD06C0 49] iPodTouch6, [0000012E9D53A100][0000012E99DDC980 49] iPhone7, [0000012E9D53A200][0000012E99DD89C0 49] iPodTouch7, [0000012E9D582D00][0000012E99DE0B40 49] iPhone5S, [0000012E9D53AC00][0000012E99DE4CC0 49] iPhone6Plus, [0000012E9D581E00][0000012E99DE8E40 49] iPhone6S, [0000012E9D53A900][0000012E99DECFC0 49] iPhone6SPlus, [0000012E9D581000][0000012E99DF1140 49] iPhone7Plus, [0000012E9D539800][0000012E99DF52C0 49] iPhoneSE, [0000012E9D580E00][0000012E99DF9440 49] iPhone8, [0000012E9D53AB00][0000012E99DFD5C0 49] iPhone8Plus, [0000012E9D583200][0000012E9A0D1700 49] iPhoneX, [0000012E9D53A700][0000012E99E01840 49] iPhoneXS, [0000012E9D580800][0000012E99E05980 49] iPhoneXSMax, [0000012E9D53BA00][0000012E99E09AC0 49] iPhoneXR, [0000012E9D581D00][0000012E99E100C0 49] iPhone11, [0000012E9D538200][0000012E99E14240 49] iPhone11Pro, [0000012E9D582800][0000012E99E183C0 49] iPhone11ProMax, [0000012E9D53AD00][0000012E9E2D8540 49] iPhoneSE2, [0000012E9D580900][0000012E9E2DC6C0 49] iPhone12Mini, [0000012E9D539000][0000012E9E2E0840 49] iPhone12, [0000012E9D583C00][0000012E9E2E49C0 49] iPhone12Pro, [0000012E9D53AE00][0000012E9E2E8B40 49] iPhone12ProMax, [0000012E9D581800][0000012E9E2ECCC0 49] iPadPro105, [0000012E9D538D00][0000012E9E2F0E40 49] iPadPro129, [0000012E9D583400][0000012E9E2F4FC0 49] iPadPro97, [0000012E9D539D00][0000012E9E2F9140 49] iPadPro2_129, [0000012E9D582A00][0000012E9E2FD2C0 49] iPad5, [0000012E9D53A600][0000012E9E301440 49] iPad6, [0000012E9D581300][0000012E9E3055C0 49] iPad7, [0000012E9D53B800][0000012E9E309740 49] iPad8, [0000012E9D580700][0000012E9E30D8C0 49] iPadPro11, [0000012E9D538400][0000012E99E0DA00 49] iPadPro2_11, [0000012E9D582700][0000012E9E311B40 49] iPadPro3_129, [0000012E9D538E00][0000012E9E314100 49] iPadPro4_129, [0000012E9D583E00][0000012E9E31C280 49] AppleTV, [0000012E9D53B000][0000012E9E320400 49] AppleTV4K, [0000012E9D580A00][0000012E9E324580 49] TVOS, [0000012E9D53BB00][0000012E9E328700 49] Mac, [0000012E9D580600][0000012E9E32C880 49] MacClient, [0000012E9D53A800][0000012E9E330A00 49] MacNoEditor, [0000012E9D581A00][0000012E9E334B80 49] MacServer, [0000012E9D539E00][0000012E9E338D00 49] Linux, [0000012E9D582500][0000012E9E33CE80 49] LinuxAArch64, [0000012E9D53B400][0000012E9E351000 49] LinuxNoEditor, [0000012E9D580300][0000012E9E355180 49] LinuxAArch64NoEditor, [0000012E9D53A400][0000012E9E359300 49] LinuxClient, [0000012E9D5F6700][0000012E9E35D480 49] LinuxAArch64Client, [0000012E9D53C600][0000012E9E361600 49] LinuxServer, [0000012E9D5F6000][0000012E9E365780 49] LinuxAArch64Server, [0000012E9D53CE00][0000012E9E369900 49] Android, [0000012E9D5F4500][0000012E9E36DA80 49] Android_Low, [0000012E9D53E700][0000012E9E319BC0 49] Android_Mid, [0000012E9D5F7400][0000012E9E370180 49] Android_High, [0000012E9D53E600][0000012E9E3742C0 49] Android_Default, [0000012E9D5F5400][0000012E9E37C440 49] Android_Adreno4xx, [0000012E9D53C500][0000012E9E3805C0 49] Android_Adreno5xx_Low, [0000012E9D5F4600][0000012E9E384740 49] Android_Adreno5xx, [0000012E9D53E300][0000012E9E3888C0 49] Android_Adreno6xx, [0000012E9D5F4100][0000012E9E38CA40 49] Android_Adreno6xx_Vulkan, [0000012E9D53EC00][0000012E9E390BC0 49] Android_Mali_T6xx, [0000012E9D5F4300][0000012E9E394D40 49] Android_Mali_T7xx, [0000012E9D53F100][0000012E9E398EC0 49] Android_Mali_T8xx, [0000012E9D5F5500][0000012E9E39D040 49] Android_Mali_G71, [0000012E9D53D500][0000012E9E3A11C0 49] Android_Mali_G72, [0000012E9D5F4900][0000012E9E3A5340 49] Android_Mali_G72_Vulkan, [0000012E9D53DF00][0000012E9E3A94C0 49] Android_Mali_G76, [0000012E9D5F6800][0000012E9E3AD640 49] Android_Mali_G76_Vulkan, [0000012E9D53C200][0000012E9E3B17C0 49] Android_Mali_G77, [0000012E9D5F4800][0000012E9E3B5940 49] Android_Mali_G77_Vulkan, [0000012E9D53DD00][0000012E9E3B9AC0 49] Android_Mali_G78, [0000012E9D5F5900][0000012E9E3BC0C0 49] Android_Mali_G78_Vulkan, [0000012E9D53EA00][0000012E9E378200 49] Android_Mali_G710, [0000012E9D5F6400][0000012E9E3C0340 49] Android_Mali_G710_Vulkan, [0000012E9D53DE00][0000012E9E3C4480 49] Android_Vulkan_SM5, [0000012E9D5F5800][0000012E9E3C85C0 49] Android_PowerVR_G6xxx, [0000012E9D582900][0000012E9E3D0740 49] Android_PowerVR_GT7xxx, [0000012E9D5F5200][0000012E9E3D48C0 49] Android_PowerVR_GE8xxx, [0000012E9D581100][0000012E9E3D8A40 49] Android_PowerVR_GM9xxx, [0000012E9D5F7300][0000012E9E3DCBC0 49] Android_PowerVR_GM9xxx_Vulkan, [0000012E9D583D00][0000012E9E3E0D40 49] Android_TegraK1, [0000012E9D5F5C00][0000012E9E3E4EC0 49] Android_Unknown_Vulkan, [0000012E9D583000][0000012E9E3E9040 49] Lumin, [0000012E9D5F4B00][0000012E9E3ED1C0 49] Lumin_Desktop, [0000012E9D581700][0000012E9E3F1340 49] HoloLens, 
[2021.10.09-20.39.20:015][  0]LogMeshReduction: Using QuadricMeshReduction for automatic static mesh reduction
[2021.10.09-20.39.20:015][  0]LogMeshReduction: Using SimplygonMeshReduction for automatic skeletal mesh reduction
[2021.10.09-20.39.20:015][  0]LogMeshReduction: Using ProxyLODMeshReduction for automatic mesh merging
[2021.10.09-20.39.20:015][  0]LogMeshReduction: No distributed automatic mesh merging module available
[2021.10.09-20.39.20:015][  0]LogMeshMerging: No distributed automatic mesh merging module available
[2021.10.09-20.39.20:242][  0]LogNetVersion: LevelDesignProject 1.0.0, NetCL: 17155196, EngineNetVer: 17, GameNetVer: 0 (Checksum: 3238393907)
[2021.10.09-20.39.20:747][  0]LogTexture: Default maximum texture size for cubemaps generated from long-lat sources has been changed from 512 to unlimited. In order to preserve old behaiour for '/Engine/MapTemplates/Sky/DaylightAmbientCubemap.DaylightAmbientCubemap', its maximum texture size has been explicitly set to 512.
[2021.10.09-20.39.20:867][  0]LogHMD: PokeAHoleMaterial loaded successfully
